<?xml version="1.0" encoding="UTF-8"?>
<testng-results ignored="1" total="3" passed="1" failed="1" skipped="0">
  <reporter-output>
  </reporter-output>
  <suite started-at="2021-07-09T11:47:30 IST" name="Suite" finished-at="2021-07-09T11:47:59 IST" duration-ms="29734">
    <groups>
    </groups>
    <test started-at="2021-07-09T11:47:30 IST" name="Test" finished-at="2021-07-09T11:47:59 IST" duration-ms="29734">
      <class name="Training.BenchTrainingEbay.ebay">
        <test-method is-config="true" signature="beforeMethod()[pri:0, instance:Training.BenchTrainingEbay.ebay@2b40ff9c]" started-at="2021-07-09T11:47:30 IST" name="beforeMethod" finished-at="2021-07-09T11:47:35 IST" duration-ms="5808" status="PASS">
          <reporter-output>
          </reporter-output>
        </test-method> <!-- beforeMethod -->
        <test-method signature="One()[pri:0, instance:Training.BenchTrainingEbay.ebay@2b40ff9c]" started-at="2021-07-09T11:47:36 IST" name="One" finished-at="2021-07-09T11:47:41 IST" duration-ms="5113" status="FAIL">
          <exception class="java.lang.AssertionError">
            <message>
              <![CDATA[expected [Electronics, Cars, Fashion, Collectibles & More | eBay] but found [Our News - eBay Inc.]]]>
            </message>
            <full-stacktrace>
              <![CDATA[java.lang.AssertionError: expected [Electronics, Cars, Fashion, Collectibles & More | eBay] but found [Our News - eBay Inc.]
at org.testng.Assert.fail(Assert.java:97)
at org.testng.Assert.assertEqualsImpl(Assert.java:136)
at org.testng.Assert.assertEquals(Assert.java:118)
at org.testng.Assert.assertEquals(Assert.java:575)
at org.testng.Assert.assertEquals(Assert.java:585)
at Training.BenchTrainingEbay.ebay.One(ebay.java:66)
at java.base/jdk.internal.reflect.NativeMethodAccessorImpl.invoke0(Native Method)
at java.base/jdk.internal.reflect.NativeMethodAccessorImpl.invoke(NativeMethodAccessorImpl.java:78)
at java.base/jdk.internal.reflect.DelegatingMethodAccessorImpl.invoke(DelegatingMethodAccessorImpl.java:43)
at java.base/java.lang.reflect.Method.invoke(Method.java:567)
at org.testng.internal.MethodInvocationHelper.invokeMethod(MethodInvocationHelper.java:134)
at org.testng.internal.TestInvoker.invokeMethod(TestInvoker.java:597)
at org.testng.internal.TestInvoker.invokeTestMethod(TestInvoker.java:173)
at org.testng.internal.MethodRunner.runInSequence(MethodRunner.java:46)
at org.testng.internal.TestInvoker$MethodInvocationAgent.invoke(TestInvoker.java:816)
at org.testng.internal.TestInvoker.invokeTestMethods(TestInvoker.java:146)
at org.testng.internal.TestMethodWorker.invokeTestMethods(TestMethodWorker.java:146)
at org.testng.internal.TestMethodWorker.run(TestMethodWorker.java:128)
at java.base/java.util.ArrayList.forEach(ArrayList.java:1511)
at org.testng.TestRunner.privateRun(TestRunner.java:766)
at org.testng.TestRunner.run(TestRunner.java:587)
at org.testng.SuiteRunner.runTest(SuiteRunner.java:384)
at org.testng.SuiteRunner.runSequentially(SuiteRunner.java:378)
at org.testng.SuiteRunner.privateRun(SuiteRunner.java:337)
at org.testng.SuiteRunner.run(SuiteRunner.java:286)
at org.testng.SuiteRunnerWorker.runSuite(SuiteRunnerWorker.java:53)
at org.testng.SuiteRunnerWorker.run(SuiteRunnerWorker.java:96)
at org.testng.TestNG.runSuitesSequentially(TestNG.java:1187)
at org.testng.TestNG.runSuitesLocally(TestNG.java:1109)
at org.testng.TestNG.runSuites(TestNG.java:1039)
at org.testng.TestNG.run(TestNG.java:1007)
at org.apache.maven.surefire.testng.TestNGExecutor.run(TestNGExecutor.java:283)
at org.apache.maven.surefire.testng.TestNGXmlTestSuite.execute(TestNGXmlTestSuite.java:75)
at org.apache.maven.surefire.testng.TestNGProvider.invoke(TestNGProvider.java:120)
at org.apache.maven.surefire.booter.ForkedBooter.invokeProviderInSameClassLoader(ForkedBooter.java:383)
at org.apache.maven.surefire.booter.ForkedBooter.runSuitesInProcess(ForkedBooter.java:344)
at org.apache.maven.surefire.booter.ForkedBooter.execute(ForkedBooter.java:125)
at org.apache.maven.surefire.booter.ForkedBooter.main(ForkedBooter.java:417)
]]>
            </full-stacktrace>
          </exception> <!-- java.lang.AssertionError -->
          <reporter-output>
          </reporter-output>
        </test-method> <!-- One -->
        <test-method is-config="true" signature="afterMethod()[pri:0, instance:Training.BenchTrainingEbay.ebay@2b40ff9c]" started-at="2021-07-09T11:47:41 IST" name="afterMethod" finished-at="2021-07-09T11:47:42 IST" duration-ms="1057" status="PASS">
          <reporter-output>
          </reporter-output>
        </test-method> <!-- afterMethod -->
        <test-method is-config="true" signature="beforeMethod()[pri:0, instance:Training.BenchTrainingEbay.ebay@2b40ff9c]" started-at="2021-07-09T11:47:42 IST" name="beforeMethod" finished-at="2021-07-09T11:47:47 IST" duration-ms="5299" status="PASS">
          <reporter-output>
          </reporter-output>
        </test-method> <!-- beforeMethod -->
        <test-method signature="Three()[pri:0, instance:Training.BenchTrainingEbay.ebay@2b40ff9c]" started-at="2021-07-09T11:47:47 IST" name="Three" finished-at="2021-07-09T11:47:59 IST" duration-ms="11052" status="PASS">
          <reporter-output>
          </reporter-output>
        </test-method> <!-- Three -->
        <test-method is-config="true" signature="afterMethod()[pri:0, instance:Training.BenchTrainingEbay.ebay@2b40ff9c]" started-at="2021-07-09T11:47:59 IST" name="afterMethod" finished-at="2021-07-09T11:47:59 IST" duration-ms="427" status="PASS">
          <reporter-output>
          </reporter-output>
        </test-method> <!-- afterMethod -->
        <test-method is-config="true" signature="afterTest()[pri:0, instance:Training.BenchTrainingEbay.ebay@2b40ff9c]" started-at="2021-07-09T11:47:59 IST" name="afterTest" finished-at="2021-07-09T11:47:59 IST" duration-ms="408" status="PASS">
          <reporter-output>
          </reporter-output>
        </test-method> <!-- afterTest -->
      </class> <!-- Training.BenchTrainingEbay.ebay -->
    </test> <!-- Test -->
  </suite> <!-- Suite -->
</testng-results>
